<?xml version="1.0" encoding="UTF-8"?>
<!-- Generated by org.testng.reporters.JUnitReportReporter -->
<testsuite hostname="DESKTOP-TULJCQG" name="easytox.apptest.utils.ReadPropFile" tests="1" failures="0" timestamp="5 Apr 2017 16:08:00 GMT" time="0.046" errors="0">
  <testcase name="readprop" time="0.046" classname="easytox.apptest.utils.ReadPropFile"/>
</testsuite>
